  [1m[35m (143.1ms)[0m  [1m[35mCREATE DATABASE "best_books_api_development" ENCODING = 'unicode'[0m
  [1m[35m (96.9ms)[0m  [1m[35mCREATE DATABASE "best_books_api_test" ENCODING = 'unicode'[0m
  [1m[35m (8.8ms)[0m  [1m[35mCREATE TABLE "schema_migrations" ("version" character varying NOT NULL PRIMARY KEY)[0m
  [1m[35m (4.9ms)[0m  [1m[35mCREATE TABLE "ar_internal_metadata" ("key" character varying NOT NULL PRIMARY KEY, "value" character varying, "created_at" timestamp(6) NOT NULL, "updated_at" timestamp(6) NOT NULL)[0m
  [1m[35m (0.3ms)[0m  [1m[34mSELECT pg_try_advisory_lock(287378203043716050)[0m
  [1m[35m (0.6ms)[0m  [1m[34mSELECT "schema_migrations"."version" FROM "schema_migrations" ORDER BY "schema_migrations"."version" ASC[0m
Migrating to CreateUsers (20211204182239)
  [1m[36mTRANSACTION (0.3ms)[0m  [1m[35mBEGIN[0m
  [1m[35m (6.9ms)[0m  [1m[35mCREATE TABLE "users" ("id" bigserial primary key, "email" character varying, "password_digest" character varying, "first_name" character varying, "last_name" character varying, "location" character varying, "profile_color" character varying, "created_at" timestamp(6) NOT NULL, "updated_at" timestamp(6) NOT NULL)[0m
  [1m[36mActiveRecord::SchemaMigration Create (0.7ms)[0m  [1m[32mINSERT INTO "schema_migrations" ("version") VALUES ($1) RETURNING "version"[0m  [["version", "20211204182239"]]
  [1m[36mTRANSACTION (3.7ms)[0m  [1m[35mCOMMIT[0m
Migrating to CreateBookclubs (20211204195513)
  [1m[36mTRANSACTION (0.3ms)[0m  [1m[35mBEGIN[0m
  [1m[35m (6.2ms)[0m  [1m[35mCREATE TABLE "bookclubs" ("id" bigserial primary key, "name" character varying, "created_at" timestamp(6) NOT NULL, "updated_at" timestamp(6) NOT NULL)[0m
  [1m[36mActiveRecord::SchemaMigration Create (0.4ms)[0m  [1m[32mINSERT INTO "schema_migrations" ("version") VALUES ($1) RETURNING "version"[0m  [["version", "20211204195513"]]
  [1m[36mTRANSACTION (0.9ms)[0m  [1m[35mCOMMIT[0m
Migrating to CreateBookclubUsers (20211204195629)
  [1m[36mTRANSACTION (0.4ms)[0m  [1m[35mBEGIN[0m
  [1m[35m (6.7ms)[0m  [1m[35mCREATE TABLE "bookclub_users" ("id" bigserial primary key, "user_id" bigint NOT NULL, "bookclub_id" bigint NOT NULL, "isAdmin" boolean, "created_at" timestamp(6) NOT NULL, "updated_at" timestamp(6) NOT NULL, CONSTRAINT "fk_rails_158965e9dd"
FOREIGN KEY ("user_id")
  REFERENCES "users" ("id")
, CONSTRAINT "fk_rails_9ecfde4987"
FOREIGN KEY ("bookclub_id")
  REFERENCES "bookclubs" ("id")
)[0m
  [1m[35m (2.3ms)[0m  [1m[35mCREATE INDEX "index_bookclub_users_on_user_id" ON "bookclub_users" ("user_id")[0m
  [1m[35m (1.9ms)[0m  [1m[35mCREATE INDEX "index_bookclub_users_on_bookclub_id" ON "bookclub_users" ("bookclub_id")[0m
  [1m[36mActiveRecord::SchemaMigration Create (0.4ms)[0m  [1m[32mINSERT INTO "schema_migrations" ("version") VALUES ($1) RETURNING "version"[0m  [["version", "20211204195629"]]
  [1m[36mTRANSACTION (0.9ms)[0m  [1m[35mCOMMIT[0m
Migrating to CreateBooks (20211204200811)
  [1m[36mTRANSACTION (0.3ms)[0m  [1m[35mBEGIN[0m
  [1m[35m (6.3ms)[0m  [1m[35mCREATE TABLE "books" ("id" bigserial primary key, "imageURL" character varying, "title" character varying, "series" character varying, "description" text, "pages" integer, "publicationDate" character varying, "genres" text[] DEFAULT '{}', "author" character varying, "created_at" timestamp(6) NOT NULL, "updated_at" timestamp(6) NOT NULL)[0m
  [1m[36mActiveRecord::SchemaMigration Create (0.6ms)[0m  [1m[32mINSERT INTO "schema_migrations" ("version") VALUES ($1) RETURNING "version"[0m  [["version", "20211204200811"]]
  [1m[36mTRANSACTION (1.0ms)[0m  [1m[35mCOMMIT[0m
Migrating to CreateBookclubBooks (20211204201039)
  [1m[36mTRANSACTION (0.3ms)[0m  [1m[35mBEGIN[0m
  [1m[35m (7.0ms)[0m  [1m[35mCREATE TABLE "bookclub_books" ("id" bigserial primary key, "bookclub_id" bigint NOT NULL, "book_id" bigint NOT NULL, "archived" boolean, "status" character varying, "suggested_by" character varying, "current" boolean, "created_at" timestamp(6) NOT NULL, "updated_at" timestamp(6) NOT NULL, CONSTRAINT "fk_rails_c6e0d1dbdf"
FOREIGN KEY ("bookclub_id")
  REFERENCES "bookclubs" ("id")
, CONSTRAINT "fk_rails_8b786c1dc4"
FOREIGN KEY ("book_id")
  REFERENCES "books" ("id")
)[0m
  [1m[35m (1.9ms)[0m  [1m[35mCREATE INDEX "index_bookclub_books_on_bookclub_id" ON "bookclub_books" ("bookclub_id")[0m
  [1m[35m (1.9ms)[0m  [1m[35mCREATE INDEX "index_bookclub_books_on_book_id" ON "bookclub_books" ("book_id")[0m
  [1m[36mActiveRecord::SchemaMigration Create (0.6ms)[0m  [1m[32mINSERT INTO "schema_migrations" ("version") VALUES ($1) RETURNING "version"[0m  [["version", "20211204201039"]]
  [1m[36mTRANSACTION (1.0ms)[0m  [1m[35mCOMMIT[0m
Migrating to CreateGoals (20211204202254)
  [1m[36mTRANSACTION (0.3ms)[0m  [1m[35mBEGIN[0m
  [1m[35m (6.7ms)[0m  [1m[35mCREATE TABLE "goals" ("id" bigserial primary key, "pages" text[] DEFAULT '{}', "deadline" date, "bookclub_book_id" bigint NOT NULL, "complete" boolean, "notes" text, "meetingURL" text, "created_at" timestamp(6) NOT NULL, "updated_at" timestamp(6) NOT NULL, CONSTRAINT "fk_rails_ad52046446"
FOREIGN KEY ("bookclub_book_id")
  REFERENCES "bookclub_books" ("id")
)[0m
  [1m[35m (2.7ms)[0m  [1m[35mCREATE INDEX "index_goals_on_bookclub_book_id" ON "goals" ("bookclub_book_id")[0m
  [1m[36mActiveRecord::SchemaMigration Create (0.5ms)[0m  [1m[32mINSERT INTO "schema_migrations" ("version") VALUES ($1) RETURNING "version"[0m  [["version", "20211204202254"]]
  [1m[36mTRANSACTION (1.1ms)[0m  [1m[35mCOMMIT[0m
Migrating to CreateGuideQuestions (20211204202423)
  [1m[36mTRANSACTION (0.3ms)[0m  [1m[35mBEGIN[0m
  [1m[35m (9.7ms)[0m  [1m[35mCREATE TABLE "guide_questions" ("id" bigserial primary key, "question" text, "chapter" integer, "bookclub_book_id" bigint NOT NULL, "created_at" timestamp(6) NOT NULL, "updated_at" timestamp(6) NOT NULL, CONSTRAINT "fk_rails_568e88eb72"
FOREIGN KEY ("bookclub_book_id")
  REFERENCES "bookclub_books" ("id")
)[0m
  [1m[35m (2.5ms)[0m  [1m[35mCREATE INDEX "index_guide_questions_on_bookclub_book_id" ON "guide_questions" ("bookclub_book_id")[0m
  [1m[36mActiveRecord::SchemaMigration Create (0.5ms)[0m  [1m[32mINSERT INTO "schema_migrations" ("version") VALUES ($1) RETURNING "version"[0m  [["version", "20211204202423"]]
  [1m[36mTRANSACTION (1.0ms)[0m  [1m[35mCOMMIT[0m
Migrating to CreateComments (20211204202534)
  [1m[36mTRANSACTION (0.4ms)[0m  [1m[35mBEGIN[0m
  [1m[35m (8.4ms)[0m  [1m[35mCREATE TABLE "comments" ("id" bigserial primary key, "user_id" bigint NOT NULL, "guide_question_id" bigint NOT NULL, "comment" text, "created_at" timestamp(6) NOT NULL, "updated_at" timestamp(6) NOT NULL, CONSTRAINT "fk_rails_03de2dc08c"
FOREIGN KEY ("user_id")
  REFERENCES "users" ("id")
, CONSTRAINT "fk_rails_d6d6f6c904"
FOREIGN KEY ("guide_question_id")
  REFERENCES "guide_questions" ("id")
)[0m
  [1m[35m (2.2ms)[0m  [1m[35mCREATE INDEX "index_comments_on_user_id" ON "comments" ("user_id")[0m
  [1m[35m (2.4ms)[0m  [1m[35mCREATE INDEX "index_comments_on_guide_question_id" ON "comments" ("guide_question_id")[0m
  [1m[36mActiveRecord::SchemaMigration Create (0.5ms)[0m  [1m[32mINSERT INTO "schema_migrations" ("version") VALUES ($1) RETURNING "version"[0m  [["version", "20211204202534"]]
  [1m[36mTRANSACTION (1.1ms)[0m  [1m[35mCOMMIT[0m
  [1m[36mActiveRecord::InternalMetadata Load (0.5ms)[0m  [1m[34mSELECT "ar_internal_metadata".* FROM "ar_internal_metadata" WHERE "ar_internal_metadata"."key" = $1 LIMIT $2[0m  [["key", "environment"], ["LIMIT", 1]]
  [1m[36mTRANSACTION (2.1ms)[0m  [1m[35mBEGIN[0m
  [1m[36mActiveRecord::InternalMetadata Create (0.8ms)[0m  [1m[32mINSERT INTO "ar_internal_metadata" ("key", "value", "created_at", "updated_at") VALUES ($1, $2, $3, $4) RETURNING "key"[0m  [["key", "environment"], ["value", "development"], ["created_at", "2023-03-29 11:37:58.702707"], ["updated_at", "2023-03-29 11:37:58.702707"]]
  [1m[36mTRANSACTION (1.0ms)[0m  [1m[35mCOMMIT[0m
  [1m[35m (0.5ms)[0m  [1m[34mSELECT pg_advisory_unlock(287378203043716050)[0m
  [1m[35m (1.1ms)[0m  [1m[34mSELECT "schema_migrations"."version" FROM "schema_migrations" ORDER BY "schema_migrations"."version" ASC[0m
  [1m[35m (1.0ms)[0m  [1m[34mSELECT "schema_migrations"."version" FROM "schema_migrations" ORDER BY "schema_migrations"."version" ASC[0m
Started GET "/" for 127.0.0.1 at 2023-03-29 14:38:35 +0300
  [1m[35m (0.7ms)[0m  [1m[34mSELECT "schema_migrations"."version" FROM "schema_migrations" ORDER BY "schema_migrations"."version" ASC[0m
Processing by Rails::WelcomeController#index as HTML
  Rendering /var/lib/gems/3.0.0/gems/railties-6.1.7.3/lib/rails/templates/rails/welcome/index.html.erb
  Rendered /var/lib/gems/3.0.0/gems/railties-6.1.7.3/lib/rails/templates/rails/welcome/index.html.erb (Duration: 13.7ms | Allocations: 450)
Completed 200 OK in 20ms (Views: 17.4ms | ActiveRecord: 0.0ms | Allocations: 2450)


Started GET "/signup" for 127.0.0.1 at 2023-03-29 14:38:59 +0300
  
ActionController::RoutingError (uninitialized constant FallbackController):
  
Started GET "/me" for 127.0.0.1 at 2023-03-29 14:39:16 +0300
  
ActionController::RoutingError (uninitialized constant FallbackController):
  
Started GET "/api/me" for 127.0.0.1 at 2023-03-29 14:40:18 +0300
Processing by Api::UsersController#show as */*
  [1m[36mUser Load (0.7ms)[0m  [1m[34mSELECT "users".* FROM "users" WHERE "users"."id" IS NULL LIMIT $1[0m  [["LIMIT", 1]]
  ↳ app/controllers/application_controller.rb:12:in `authorize'
[active_model_serializers] Rendered ActiveModel::Serializer::Null with Hash (0.25ms)
Filter chain halted as :authorize rendered or redirected
Completed 401 Unauthorized in 373ms (Views: 4.8ms | ActiveRecord: 5.0ms | Allocations: 6563)


Started POST "/api/signup" for 127.0.0.1 at 2023-03-29 14:40:38 +0300
Processing by Api::UsersController#create as */*
  Parameters: {"first_name"=>"abel", "last_name"=>"yyyu", "password"=>"[FILTERED]", "password_confirmation"=>"[FILTERED]", "email"=>"abelruttoh2@gmail.com", "location"=>"", "profile_color"=>"#004d40", "user"=>{"email"=>"abelruttoh2@gmail.com", "first_name"=>"abel", "last_name"=>"yyyu", "location"=>"", "profile_color"=>"#004d40"}}
[31mUnpermitted parameter: :user[0m
  [1m[36mTRANSACTION (0.3ms)[0m  [1m[35mBEGIN[0m
  ↳ app/controllers/api/users_controller.rb:6:in `create'
  [1m[36mUser Exists? (0.8ms)[0m  [1m[34mSELECT 1 AS one FROM "users" WHERE "users"."email" = $1 LIMIT $2[0m  [["email", "abelruttoh2@gmail.com"], ["LIMIT", 1]]
  ↳ app/controllers/api/users_controller.rb:6:in `create'
  [1m[36mUser Create (1.1ms)[0m  [1m[32mINSERT INTO "users" ("email", "password_digest", "first_name", "last_name", "location", "profile_color", "created_at", "updated_at") VALUES ($1, $2, $3, $4, $5, $6, $7, $8) RETURNING "id"[0m  [["email", "abelruttoh2@gmail.com"], ["password_digest", "$2a$12$0MdQQ1HqPT2RE29kRbTTN.bTImhe9BRJPHuP/vzcUiIjCpYlmIj.C"], ["first_name", "abel"], ["last_name", "yyyu"], ["location", ""], ["profile_color", "#004d40"], ["created_at", "2023-03-29 11:40:39.232171"], ["updated_at", "2023-03-29 11:40:39.232171"]]
  ↳ app/controllers/api/users_controller.rb:6:in `create'
  [1m[36mTRANSACTION (84.8ms)[0m  [1m[35mCOMMIT[0m
  ↳ app/controllers/api/users_controller.rb:6:in `create'
  [1m[36mUser Exists? (0.7ms)[0m  [1m[34mSELECT 1 AS one FROM "users" WHERE "users"."email" = $1 AND "users"."id" != $2 LIMIT $3[0m  [["email", "abelruttoh2@gmail.com"], ["id", 1], ["LIMIT", 1]]
  ↳ app/controllers/api/users_controller.rb:8:in `create'
[active_model_serializers]   [1m[36mBookclub Load (1.0ms)[0m  [1m[34mSELECT "bookclubs".* FROM "bookclubs" INNER JOIN "bookclub_users" ON "bookclubs"."id" = "bookclub_users"."bookclub_id" WHERE "bookclub_users"."user_id" = $1[0m  [["user_id", 1]]
[active_model_serializers]   ↳ app/controllers/api/users_controller.rb:10:in `create'
[active_model_serializers] Rendered UserSerializer with ActiveModelSerializers::Adapter::Attributes (55.2ms)
Completed 201 Created in 621ms (Views: 67.9ms | ActiveRecord: 101.2ms | Allocations: 22917)


Started POST "/api/bookclubs" for 127.0.0.1 at 2023-03-29 14:45:36 +0300
Processing by Api::BookclubsController#create as */*
  Parameters: {"name"=>"arsenal", "bookclub"=>{"name"=>"arsenal"}}
  [1m[36mUser Load (0.8ms)[0m  [1m[34mSELECT "users".* FROM "users" WHERE "users"."id" = $1 LIMIT $2[0m  [["id", 1], ["LIMIT", 1]]
  ↳ app/controllers/application_controller.rb:12:in `authorize'
[31mUnpermitted parameter: :bookclub[0m
  [1m[36mTRANSACTION (0.7ms)[0m  [1m[35mBEGIN[0m
  ↳ app/controllers/api/bookclubs_controller.rb:18:in `create'
  [1m[36mBookclub Create (1.1ms)[0m  [1m[32mINSERT INTO "bookclubs" ("name", "created_at", "updated_at") VALUES ($1, $2, $3) RETURNING "id"[0m  [["name", "arsenal"], ["created_at", "2023-03-29 11:45:36.761532"], ["updated_at", "2023-03-29 11:45:36.761532"]]
  ↳ app/controllers/api/bookclubs_controller.rb:18:in `create'
  [1m[36mBookclubUser Create (3.0ms)[0m  [1m[32mINSERT INTO "bookclub_users" ("user_id", "bookclub_id", "created_at", "updated_at") VALUES ($1, $2, $3, $4) RETURNING "id"[0m  [["user_id", 1], ["bookclub_id", 1], ["created_at", "2023-03-29 11:45:36.792756"], ["updated_at", "2023-03-29 11:45:36.792756"]]
  ↳ app/controllers/api/bookclubs_controller.rb:18:in `create'
  [1m[36mTRANSACTION (6.0ms)[0m  [1m[35mCOMMIT[0m
  ↳ app/controllers/api/bookclubs_controller.rb:18:in `create'
  [1m[36mBookclubUser Load (0.8ms)[0m  [1m[34mSELECT "bookclub_users".* FROM "bookclub_users" WHERE "bookclub_users"."user_id" = $1 AND "bookclub_users"."bookclub_id" = $2 LIMIT $3[0m  [["user_id", 1], ["bookclub_id", 1], ["LIMIT", 1]]
  ↳ app/controllers/api/bookclubs_controller.rb:19:in `create'
  [1m[36mTRANSACTION (0.2ms)[0m  [1m[35mBEGIN[0m
  ↳ app/controllers/api/bookclubs_controller.rb:21:in `create'
  [1m[36mBookclub Load (0.8ms)[0m  [1m[34mSELECT "bookclubs".* FROM "bookclubs" WHERE "bookclubs"."id" = $1 LIMIT $2[0m  [["id", 1], ["LIMIT", 1]]
  ↳ app/controllers/api/bookclubs_controller.rb:21:in `create'
  [1m[36mBookclubUser Update (0.6ms)[0m  [1m[33mUPDATE "bookclub_users" SET "isAdmin" = $1, "updated_at" = $2 WHERE "bookclub_users"."id" = $3[0m  [["isAdmin", true], ["updated_at", "2023-03-29 11:45:36.839181"], ["id", 1]]
  ↳ app/controllers/api/bookclubs_controller.rb:21:in `create'
  [1m[36mTRANSACTION (0.7ms)[0m  [1m[35mCOMMIT[0m
  ↳ app/controllers/api/bookclubs_controller.rb:21:in `create'
[active_model_serializers]   [1m[36mBookclubUser Load (0.4ms)[0m  [1m[34mSELECT "bookclub_users".* FROM "bookclub_users" WHERE "bookclub_users"."bookclub_id" = $1[0m  [["bookclub_id", 1]]
[active_model_serializers]   ↳ app/serializers/bookclub_serializer.rb:9:in `admin'
[active_model_serializers]   [1m[36mUser Load (0.5ms)[0m  [1m[34mSELECT "users".* FROM "users" WHERE "users"."id" = $1 LIMIT $2[0m  [["id", 1], ["LIMIT", 1]]
[active_model_serializers]   ↳ app/serializers/bookclub_serializer.rb:11:in `admin'
[active_model_serializers]   [1m[36mUser Load (0.7ms)[0m  [1m[34mSELECT "users".* FROM "users" INNER JOIN "bookclub_users" ON "users"."id" = "bookclub_users"."user_id" WHERE "bookclub_users"."bookclub_id" = $1[0m  [["bookclub_id", 1]]
[active_model_serializers]   ↳ app/controllers/api/bookclubs_controller.rb:24:in `create'
[active_model_serializers]   [1m[36mBookclubBook Load (1.0ms)[0m  [1m[34mSELECT "bookclub_books".* FROM "bookclub_books" WHERE "bookclub_books"."bookclub_id" = $1[0m  [["bookclub_id", 1]]
[active_model_serializers]   ↳ app/controllers/api/bookclubs_controller.rb:24:in `create'
[active_model_serializers] Rendered BookclubSerializer with ActiveModelSerializers::Adapter::Attributes (41.77ms)
Completed 201 Created in 150ms (Views: 40.3ms | ActiveRecord: 26.2ms | Allocations: 21858)


Started GET "/api/me" for 127.0.0.1 at 2023-03-29 14:45:36 +0300
Processing by Api::UsersController#show as */*
  [1m[36mUser Load (0.6ms)[0m  [1m[34mSELECT "users".* FROM "users" WHERE "users"."id" = $1 LIMIT $2[0m  [["id", 1], ["LIMIT", 1]]
  ↳ app/controllers/application_controller.rb:12:in `authorize'
[active_model_serializers]   [1m[36mBookclub Load (0.6ms)[0m  [1m[34mSELECT "bookclubs".* FROM "bookclubs" INNER JOIN "bookclub_users" ON "bookclubs"."id" = "bookclub_users"."bookclub_id" WHERE "bookclub_users"."user_id" = $1[0m  [["user_id", 1]]
[active_model_serializers]   ↳ app/controllers/api/users_controller.rb:23:in `show'
[active_model_serializers]   [1m[36mUser Load (2.1ms)[0m  [1m[34mSELECT "users".* FROM "users" INNER JOIN "bookclub_users" ON "users"."id" = "bookclub_users"."user_id" WHERE "bookclub_users"."bookclub_id" = $1[0m  [["bookclub_id", 1]]
[active_model_serializers]   ↳ app/controllers/api/users_controller.rb:23:in `show'
[active_model_serializers]   [1m[36mBookclubBook Load (0.4ms)[0m  [1m[34mSELECT "bookclub_books".* FROM "bookclub_books" WHERE "bookclub_books"."bookclub_id" = $1[0m  [["bookclub_id", 1]]
[active_model_serializers]   ↳ app/controllers/api/users_controller.rb:23:in `show'
[active_model_serializers]   [1m[36mBookclubUser Load (0.4ms)[0m  [1m[34mSELECT "bookclub_users".* FROM "bookclub_users" WHERE "bookclub_users"."bookclub_id" = $1[0m  [["bookclub_id", 1]]
[active_model_serializers]   ↳ app/serializers/bookclub_serializer.rb:9:in `admin'
[active_model_serializers]   [1m[36mCACHE User Load (0.0ms)[0m  [1m[34mSELECT "users".* FROM "users" WHERE "users"."id" = $1 LIMIT $2[0m  [["id", 1], ["LIMIT", 1]]
[active_model_serializers]   ↳ app/serializers/bookclub_serializer.rb:11:in `admin'
[active_model_serializers] Rendered UserSerializer with ActiveModelSerializers::Adapter::Attributes (31.52ms)
Completed 200 OK in 43ms (Views: 31.2ms | ActiveRecord: 4.1ms | Allocations: 6129)


Started GET "/api/bookclubs/1" for 127.0.0.1 at 2023-03-29 14:45:39 +0300
Processing by Api::BookclubsController#show as */*
  Parameters: {"id"=>"1"}
  [1m[36mBookclub Load (0.5ms)[0m  [1m[34mSELECT "bookclubs".* FROM "bookclubs" WHERE "bookclubs"."id" = $1 LIMIT $2[0m  [["id", 1], ["LIMIT", 1]]
  ↳ app/controllers/api/bookclubs_controller.rb:89:in `set_bookclub'
[active_model_serializers]   [1m[36mBookclubUser Load (1.0ms)[0m  [1m[34mSELECT "bookclub_users".* FROM "bookclub_users" WHERE "bookclub_users"."bookclub_id" = $1[0m  [["bookclub_id", 1]]
[active_model_serializers]   ↳ app/serializers/bookclub_serializer.rb:9:in `admin'
[active_model_serializers]   [1m[36mUser Load (0.5ms)[0m  [1m[34mSELECT "users".* FROM "users" WHERE "users"."id" = $1 LIMIT $2[0m  [["id", 1], ["LIMIT", 1]]
[active_model_serializers]   ↳ app/serializers/bookclub_serializer.rb:11:in `admin'
[active_model_serializers]   [1m[36mUser Load (0.7ms)[0m  [1m[34mSELECT "users".* FROM "users" INNER JOIN "bookclub_users" ON "users"."id" = "bookclub_users"."user_id" WHERE "bookclub_users"."bookclub_id" = $1[0m  [["bookclub_id", 1]]
[active_model_serializers]   ↳ app/controllers/api/bookclubs_controller.rb:13:in `show'
[active_model_serializers]   [1m[36mBookclubBook Load (0.4ms)[0m  [1m[34mSELECT "bookclub_books".* FROM "bookclub_books" WHERE "bookclub_books"."bookclub_id" = $1[0m  [["bookclub_id", 1]]
[active_model_serializers]   ↳ app/controllers/api/bookclubs_controller.rb:13:in `show'
[active_model_serializers] Rendered BookclubSerializer with ActiveModelSerializers::Adapter::Attributes (16.61ms)
Completed 200 OK in 22ms (Views: 15.0ms | ActiveRecord: 3.1ms | Allocations: 4393)


Started GET "/api/me" for 127.0.0.1 at 2023-03-29 14:45:55 +0300
Processing by Api::UsersController#show as */*
  [1m[36mUser Load (0.6ms)[0m  [1m[34mSELECT "users".* FROM "users" WHERE "users"."id" = $1 LIMIT $2[0m  [["id", 1], ["LIMIT", 1]]
  ↳ app/controllers/application_controller.rb:12:in `authorize'
[active_model_serializers]   [1m[36mBookclub Load (1.1ms)[0m  [1m[34mSELECT "bookclubs".* FROM "bookclubs" INNER JOIN "bookclub_users" ON "bookclubs"."id" = "bookclub_users"."bookclub_id" WHERE "bookclub_users"."user_id" = $1[0m  [["user_id", 1]]
[active_model_serializers]   ↳ app/controllers/api/users_controller.rb:23:in `show'
[active_model_serializers]   [1m[36mUser Load (0.7ms)[0m  [1m[34mSELECT "users".* FROM "users" INNER JOIN "bookclub_users" ON "users"."id" = "bookclub_users"."user_id" WHERE "bookclub_users"."bookclub_id" = $1[0m  [["bookclub_id", 1]]
[active_model_serializers]   ↳ app/controllers/api/users_controller.rb:23:in `show'
[active_model_serializers]   [1m[36mBookclubBook Load (1.7ms)[0m  [1m[34mSELECT "bookclub_books".* FROM "bookclub_books" WHERE "bookclub_books"."bookclub_id" = $1[0m  [["bookclub_id", 1]]
[active_model_serializers]   ↳ app/controllers/api/users_controller.rb:23:in `show'
[active_model_serializers]   [1m[36mBookclubUser Load (0.5ms)[0m  [1m[34mSELECT "bookclub_users".* FROM "bookclub_users" WHERE "bookclub_users"."bookclub_id" = $1[0m  [["bookclub_id", 1]]
[active_model_serializers]   ↳ app/serializers/bookclub_serializer.rb:9:in `admin'
[active_model_serializers]   [1m[36mCACHE User Load (0.0ms)[0m  [1m[34mSELECT "users".* FROM "users" WHERE "users"."id" = $1 LIMIT $2[0m  [["id", 1], ["LIMIT", 1]]
[active_model_serializers]   ↳ app/serializers/bookclub_serializer.rb:11:in `admin'
[active_model_serializers] Rendered UserSerializer with ActiveModelSerializers::Adapter::Attributes (31.19ms)
Completed 200 OK in 37ms (Views: 28.3ms | ActiveRecord: 4.5ms | Allocations: 5892)


Started GET "/api/me" for 127.0.0.1 at 2023-03-29 14:48:36 +0300
Processing by Api::UsersController#show as */*
  [1m[36mUser Load (0.5ms)[0m  [1m[34mSELECT "users".* FROM "users" WHERE "users"."id" = $1 LIMIT $2[0m  [["id", 1], ["LIMIT", 1]]
  ↳ app/controllers/application_controller.rb:12:in `authorize'
[active_model_serializers]   [1m[36mBookclub Load (0.7ms)[0m  [1m[34mSELECT "bookclubs".* FROM "bookclubs" INNER JOIN "bookclub_users" ON "bookclubs"."id" = "bookclub_users"."bookclub_id" WHERE "bookclub_users"."user_id" = $1[0m  [["user_id", 1]]
[active_model_serializers]   ↳ app/controllers/api/users_controller.rb:23:in `show'
[active_model_serializers]   [1m[36mUser Load (3.2ms)[0m  [1m[34mSELECT "users".* FROM "users" INNER JOIN "bookclub_users" ON "users"."id" = "bookclub_users"."user_id" WHERE "bookclub_users"."bookclub_id" = $1[0m  [["bookclub_id", 1]]
[active_model_serializers]   ↳ app/controllers/api/users_controller.rb:23:in `show'
[active_model_serializers]   [1m[36mBookclubBook Load (1.0ms)[0m  [1m[34mSELECT "bookclub_books".* FROM "bookclub_books" WHERE "bookclub_books"."bookclub_id" = $1[0m  [["bookclub_id", 1]]
[active_model_serializers]   ↳ app/controllers/api/users_controller.rb:23:in `show'
[active_model_serializers]   [1m[36mBookclubUser Load (0.5ms)[0m  [1m[34mSELECT "bookclub_users".* FROM "bookclub_users" WHERE "bookclub_users"."bookclub_id" = $1[0m  [["bookclub_id", 1]]
[active_model_serializers]   ↳ app/serializers/bookclub_serializer.rb:9:in `admin'
[active_model_serializers]   [1m[36mCACHE User Load (0.0ms)[0m  [1m[34mSELECT "users".* FROM "users" WHERE "users"."id" = $1 LIMIT $2[0m  [["id", 1], ["LIMIT", 1]]
[active_model_serializers]   ↳ app/serializers/bookclub_serializer.rb:11:in `admin'
[active_model_serializers] Rendered UserSerializer with ActiveModelSerializers::Adapter::Attributes (34.16ms)
Completed 200 OK in 39ms (Views: 29.7ms | ActiveRecord: 6.0ms | Allocations: 5860)


Started GET "/api/me" for 127.0.0.1 at 2023-03-29 14:48:48 +0300
Processing by Api::UsersController#show as */*
  [1m[36mUser Load (0.7ms)[0m  [1m[34mSELECT "users".* FROM "users" WHERE "users"."id" = $1 LIMIT $2[0m  [["id", 1], ["LIMIT", 1]]
  ↳ app/controllers/application_controller.rb:12:in `authorize'
[active_model_serializers]   [1m[36mBookclub Load (0.8ms)[0m  [1m[34mSELECT "bookclubs".* FROM "bookclubs" INNER JOIN "bookclub_users" ON "bookclubs"."id" = "bookclub_users"."bookclub_id" WHERE "bookclub_users"."user_id" = $1[0m  [["user_id", 1]]
[active_model_serializers]   ↳ app/controllers/api/users_controller.rb:23:in `show'
[active_model_serializers]   [1m[36mUser Load (0.8ms)[0m  [1m[34mSELECT "users".* FROM "users" INNER JOIN "bookclub_users" ON "users"."id" = "bookclub_users"."user_id" WHERE "bookclub_users"."bookclub_id" = $1[0m  [["bookclub_id", 1]]
[active_model_serializers]   ↳ app/controllers/api/users_controller.rb:23:in `show'
[active_model_serializers]   [1m[36mBookclubBook Load (0.5ms)[0m  [1m[34mSELECT "bookclub_books".* FROM "bookclub_books" WHERE "bookclub_books"."bookclub_id" = $1[0m  [["bookclub_id", 1]]
[active_model_serializers]   ↳ app/controllers/api/users_controller.rb:23:in `show'
[active_model_serializers]   [1m[36mBookclubUser Load (0.5ms)[0m  [1m[34mSELECT "bookclub_users".* FROM "bookclub_users" WHERE "bookclub_users"."bookclub_id" = $1[0m  [["bookclub_id", 1]]
[active_model_serializers]   ↳ app/serializers/bookclub_serializer.rb:9:in `admin'
[active_model_serializers]   [1m[36mCACHE User Load (0.0ms)[0m  [1m[34mSELECT "users".* FROM "users" WHERE "users"."id" = $1 LIMIT $2[0m  [["id", 1], ["LIMIT", 1]]
[active_model_serializers]   ↳ app/serializers/bookclub_serializer.rb:11:in `admin'
[active_model_serializers] Rendered UserSerializer with ActiveModelSerializers::Adapter::Attributes (25.63ms)
Completed 200 OK in 32ms (Views: 24.0ms | ActiveRecord: 3.2ms | Allocations: 5857)


Started GET "/api/me" for 127.0.0.1 at 2023-03-29 14:48:52 +0300
Processing by Api::UsersController#show as */*
  [1m[36mUser Load (0.4ms)[0m  [1m[34mSELECT "users".* FROM "users" WHERE "users"."id" = $1 LIMIT $2[0m  [["id", 1], ["LIMIT", 1]]
  ↳ app/controllers/application_controller.rb:12:in `authorize'
[active_model_serializers]   [1m[36mBookclub Load (0.6ms)[0m  [1m[34mSELECT "bookclubs".* FROM "bookclubs" INNER JOIN "bookclub_users" ON "bookclubs"."id" = "bookclub_users"."bookclub_id" WHERE "bookclub_users"."user_id" = $1[0m  [["user_id", 1]]
[active_model_serializers]   ↳ app/controllers/api/users_controller.rb:23:in `show'
[active_model_serializers]   [1m[36mUser Load (0.4ms)[0m  [1m[34mSELECT "users".* FROM "users" INNER JOIN "bookclub_users" ON "users"."id" = "bookclub_users"."user_id" WHERE "bookclub_users"."bookclub_id" = $1[0m  [["bookclub_id", 1]]
[active_model_serializers]   ↳ app/controllers/api/users_controller.rb:23:in `show'
[active_model_serializers]   [1m[36mBookclubBook Load (0.4ms)[0m  [1m[34mSELECT "bookclub_books".* FROM "bookclub_books" WHERE "bookclub_books"."bookclub_id" = $1[0m  [["bookclub_id", 1]]
[active_model_serializers]   ↳ app/controllers/api/users_controller.rb:23:in `show'
[active_model_serializers]   [1m[36mBookclubUser Load (0.3ms)[0m  [1m[34mSELECT "bookclub_users".* FROM "bookclub_users" WHERE "bookclub_users"."bookclub_id" = $1[0m  [["bookclub_id", 1]]
[active_model_serializers]   ↳ app/serializers/bookclub_serializer.rb:9:in `admin'
[active_model_serializers]   [1m[36mCACHE User Load (0.0ms)[0m  [1m[34mSELECT "users".* FROM "users" WHERE "users"."id" = $1 LIMIT $2[0m  [["id", 1], ["LIMIT", 1]]
[active_model_serializers]   ↳ app/serializers/bookclub_serializer.rb:11:in `admin'
[active_model_serializers] Rendered UserSerializer with ActiveModelSerializers::Adapter::Attributes (25.0ms)
Completed 200 OK in 31ms (Views: 24.8ms | ActiveRecord: 2.1ms | Allocations: 5850)


Started GET "/api/me" for 127.0.0.1 at 2023-03-29 14:51:14 +0300
Processing by Api::UsersController#show as */*
  [1m[36mUser Load (0.8ms)[0m  [1m[34mSELECT "users".* FROM "users" WHERE "users"."id" = $1 LIMIT $2[0m  [["id", 1], ["LIMIT", 1]]
  ↳ app/controllers/application_controller.rb:12:in `authorize'
[active_model_serializers]   [1m[36mBookclub Load (0.8ms)[0m  [1m[34mSELECT "bookclubs".* FROM "bookclubs" INNER JOIN "bookclub_users" ON "bookclubs"."id" = "bookclub_users"."bookclub_id" WHERE "bookclub_users"."user_id" = $1[0m  [["user_id", 1]]
[active_model_serializers]   ↳ app/controllers/api/users_controller.rb:23:in `show'
[active_model_serializers]   [1m[36mUser Load (1.3ms)[0m  [1m[34mSELECT "users".* FROM "users" INNER JOIN "bookclub_users" ON "users"."id" = "bookclub_users"."user_id" WHERE "bookclub_users"."bookclub_id" = $1[0m  [["bookclub_id", 1]]
[active_model_serializers]   ↳ app/controllers/api/users_controller.rb:23:in `show'
[active_model_serializers]   [1m[36mBookclubBook Load (0.4ms)[0m  [1m[34mSELECT "bookclub_books".* FROM "bookclub_books" WHERE "bookclub_books"."bookclub_id" = $1[0m  [["bookclub_id", 1]]
[active_model_serializers]   ↳ app/controllers/api/users_controller.rb:23:in `show'
[active_model_serializers]   [1m[36mBookclubUser Load (0.8ms)[0m  [1m[34mSELECT "bookclub_users".* FROM "bookclub_users" WHERE "bookclub_users"."bookclub_id" = $1[0m  [["bookclub_id", 1]]
[active_model_serializers]   ↳ app/serializers/bookclub_serializer.rb:9:in `admin'
[active_model_serializers]   [1m[36mCACHE User Load (0.1ms)[0m  [1m[34mSELECT "users".* FROM "users" WHERE "users"."id" = $1 LIMIT $2[0m  [["id", 1], ["LIMIT", 1]]
[active_model_serializers]   ↳ app/serializers/bookclub_serializer.rb:11:in `admin'
[active_model_serializers] Rendered UserSerializer with ActiveModelSerializers::Adapter::Attributes (35.07ms)
Completed 200 OK in 40ms (Views: 32.9ms | ActiveRecord: 4.1ms | Allocations: 5867)


Started GET "/api/me" for 127.0.0.1 at 2023-03-29 14:51:59 +0300
Processing by Api::UsersController#show as */*
  [1m[36mUser Load (0.4ms)[0m  [1m[34mSELECT "users".* FROM "users" WHERE "users"."id" = $1 LIMIT $2[0m  [["id", 1], ["LIMIT", 1]]
  ↳ app/controllers/application_controller.rb:12:in `authorize'
[active_model_serializers]   [1m[36mBookclub Load (0.6ms)[0m  [1m[34mSELECT "bookclubs".* FROM "bookclubs" INNER JOIN "bookclub_users" ON "bookclubs"."id" = "bookclub_users"."bookclub_id" WHERE "bookclub_users"."user_id" = $1[0m  [["user_id", 1]]
[active_model_serializers]   ↳ app/controllers/api/users_controller.rb:23:in `show'
[active_model_serializers]   [1m[36mUser Load (0.6ms)[0m  [1m[34mSELECT "users".* FROM "users" INNER JOIN "bookclub_users" ON "users"."id" = "bookclub_users"."user_id" WHERE "bookclub_users"."bookclub_id" = $1[0m  [["bookclub_id", 1]]
[active_model_serializers]   ↳ app/controllers/api/users_controller.rb:23:in `show'
[active_model_serializers]   [1m[36mBookclubBook Load (2.0ms)[0m  [1m[34mSELECT "bookclub_books".* FROM "bookclub_books" WHERE "bookclub_books"."bookclub_id" = $1[0m  [["bookclub_id", 1]]
[active_model_serializers]   ↳ app/controllers/api/users_controller.rb:23:in `show'
[active_model_serializers]   [1m[36mBookclubUser Load (2.5ms)[0m  [1m[34mSELECT "bookclub_users".* FROM "bookclub_users" WHERE "bookclub_users"."bookclub_id" = $1[0m  [["bookclub_id", 1]]
[active_model_serializers]   ↳ app/serializers/bookclub_serializer.rb:9:in `admin'
[active_model_serializers]   [1m[36mCACHE User Load (0.0ms)[0m  [1m[34mSELECT "users".* FROM "users" WHERE "users"."id" = $1 LIMIT $2[0m  [["id", 1], ["LIMIT", 1]]
[active_model_serializers]   ↳ app/serializers/bookclub_serializer.rb:11:in `admin'
[active_model_serializers] Rendered UserSerializer with ActiveModelSerializers::Adapter::Attributes (26.61ms)
Completed 200 OK in 34ms (Views: 23.9ms | ActiveRecord: 6.2ms | Allocations: 5857)


Started GET "/api/bookclubs/1" for 127.0.0.1 at 2023-03-29 14:52:18 +0300
Processing by Api::BookclubsController#show as */*
  Parameters: {"id"=>"1"}
  [1m[36mBookclub Load (0.5ms)[0m  [1m[34mSELECT "bookclubs".* FROM "bookclubs" WHERE "bookclubs"."id" = $1 LIMIT $2[0m  [["id", 1], ["LIMIT", 1]]
  ↳ app/controllers/api/bookclubs_controller.rb:89:in `set_bookclub'
[active_model_serializers]   [1m[36mBookclubUser Load (0.4ms)[0m  [1m[34mSELECT "bookclub_users".* FROM "bookclub_users" WHERE "bookclub_users"."bookclub_id" = $1[0m  [["bookclub_id", 1]]
[active_model_serializers]   ↳ app/serializers/bookclub_serializer.rb:9:in `admin'
[active_model_serializers]   [1m[36mUser Load (1.8ms)[0m  [1m[34mSELECT "users".* FROM "users" WHERE "users"."id" = $1 LIMIT $2[0m  [["id", 1], ["LIMIT", 1]]
[active_model_serializers]   ↳ app/serializers/bookclub_serializer.rb:11:in `admin'
[active_model_serializers]   [1m[36mUser Load (0.6ms)[0m  [1m[34mSELECT "users".* FROM "users" INNER JOIN "bookclub_users" ON "users"."id" = "bookclub_users"."user_id" WHERE "bookclub_users"."bookclub_id" = $1[0m  [["bookclub_id", 1]]
[active_model_serializers]   ↳ app/controllers/api/bookclubs_controller.rb:13:in `show'
[active_model_serializers]   [1m[36mBookclubBook Load (6.2ms)[0m  [1m[34mSELECT "bookclub_books".* FROM "bookclub_books" WHERE "bookclub_books"."bookclub_id" = $1[0m  [["bookclub_id", 1]]
[active_model_serializers]   ↳ app/controllers/api/bookclubs_controller.rb:13:in `show'
[active_model_serializers] Rendered BookclubSerializer with ActiveModelSerializers::Adapter::Attributes (24.33ms)
Completed 200 OK in 29ms (Views: 17.0ms | ActiveRecord: 9.4ms | Allocations: 4239)


Started GET "/api/me" for 127.0.0.1 at 2023-03-29 14:58:52 +0300
Processing by Api::UsersController#show as */*
  [1m[36mUser Load (0.7ms)[0m  [1m[34mSELECT "users".* FROM "users" WHERE "users"."id" = $1 LIMIT $2[0m  [["id", 1], ["LIMIT", 1]]
  ↳ app/controllers/application_controller.rb:12:in `authorize'
[active_model_serializers]   [1m[36mBookclub Load (1.5ms)[0m  [1m[34mSELECT "bookclubs".* FROM "bookclubs" INNER JOIN "bookclub_users" ON "bookclubs"."id" = "bookclub_users"."bookclub_id" WHERE "bookclub_users"."user_id" = $1[0m  [["user_id", 1]]
[active_model_serializers]   ↳ app/controllers/api/users_controller.rb:23:in `show'
[active_model_serializers]   [1m[36mUser Load (0.7ms)[0m  [1m[34mSELECT "users".* FROM "users" INNER JOIN "bookclub_users" ON "users"."id" = "bookclub_users"."user_id" WHERE "bookclub_users"."bookclub_id" = $1[0m  [["bookclub_id", 1]]
[active_model_serializers]   ↳ app/controllers/api/users_controller.rb:23:in `show'
[active_model_serializers]   [1m[36mBookclubBook Load (0.8ms)[0m  [1m[34mSELECT "bookclub_books".* FROM "bookclub_books" WHERE "bookclub_books"."bookclub_id" = $1[0m  [["bookclub_id", 1]]
[active_model_serializers]   ↳ app/controllers/api/users_controller.rb:23:in `show'
[active_model_serializers]   [1m[36mBookclubUser Load (0.4ms)[0m  [1m[34mSELECT "bookclub_users".* FROM "bookclub_users" WHERE "bookclub_users"."bookclub_id" = $1[0m  [["bookclub_id", 1]]
[active_model_serializers]   ↳ app/serializers/bookclub_serializer.rb:9:in `admin'
[active_model_serializers]   [1m[36mCACHE User Load (0.1ms)[0m  [1m[34mSELECT "users".* FROM "users" WHERE "users"."id" = $1 LIMIT $2[0m  [["id", 1], ["LIMIT", 1]]
[active_model_serializers]   ↳ app/serializers/bookclub_serializer.rb:11:in `admin'
[active_model_serializers] Rendered UserSerializer with ActiveModelSerializers::Adapter::Attributes (25.99ms)
Completed 200 OK in 77ms (Views: 23.8ms | ActiveRecord: 21.0ms | Allocations: 9859)


  [1m[35m (0.2ms)[0m  [1m[34mSELECT pg_try_advisory_lock(287378203043716050)[0m
  [1m[35m (1.1ms)[0m  [1m[34mSELECT "schema_migrations"."version" FROM "schema_migrations" ORDER BY "schema_migrations"."version" ASC[0m
  [1m[36mActiveRecord::InternalMetadata Load (0.4ms)[0m  [1m[34mSELECT "ar_internal_metadata".* FROM "ar_internal_metadata" WHERE "ar_internal_metadata"."key" = $1 LIMIT $2[0m  [["key", "environment"], ["LIMIT", 1]]
  [1m[35m (0.3ms)[0m  [1m[34mSELECT pg_advisory_unlock(287378203043716050)[0m
  [1m[35m (0.7ms)[0m  [1m[34mSELECT "schema_migrations"."version" FROM "schema_migrations" ORDER BY "schema_migrations"."version" ASC[0m
  [1m[35m (0.7ms)[0m  [1m[34mSELECT "schema_migrations"."version" FROM "schema_migrations" ORDER BY "schema_migrations"."version" ASC[0m
  [1m[35m (1.4ms)[0m  [1m[35mCREATE DATABASE "best_books_api_development" ENCODING = 'unicode'[0m
  [1m[35m (0.6ms)[0m  [1m[35mCREATE DATABASE "best_books_api_test" ENCODING = 'unicode'[0m
  [1m[35m (0.2ms)[0m  [1m[34mSELECT pg_try_advisory_lock(287378203043716050)[0m
  [1m[35m (0.7ms)[0m  [1m[34mSELECT "schema_migrations"."version" FROM "schema_migrations" ORDER BY "schema_migrations"."version" ASC[0m
  [1m[36mActiveRecord::InternalMetadata Load (0.4ms)[0m  [1m[34mSELECT "ar_internal_metadata".* FROM "ar_internal_metadata" WHERE "ar_internal_metadata"."key" = $1 LIMIT $2[0m  [["key", "environment"], ["LIMIT", 1]]
  [1m[35m (0.3ms)[0m  [1m[34mSELECT pg_advisory_unlock(287378203043716050)[0m
  [1m[35m (0.7ms)[0m  [1m[34mSELECT "schema_migrations"."version" FROM "schema_migrations" ORDER BY "schema_migrations"."version" ASC[0m
  [1m[35m (0.7ms)[0m  [1m[34mSELECT "schema_migrations"."version" FROM "schema_migrations" ORDER BY "schema_migrations"."version" ASC[0m
Started GET "/" for 127.0.0.1 at 2023-03-29 15:12:44 +0300
  [1m[35m (1.1ms)[0m  [1m[34mSELECT "schema_migrations"."version" FROM "schema_migrations" ORDER BY "schema_migrations"."version" ASC[0m
Processing by Rails::WelcomeController#index as HTML
  Rendering /var/lib/gems/3.0.0/gems/railties-6.1.7.3/lib/rails/templates/rails/welcome/index.html.erb
  Rendered /var/lib/gems/3.0.0/gems/railties-6.1.7.3/lib/rails/templates/rails/welcome/index.html.erb (Duration: 13.5ms | Allocations: 450)
Completed 200 OK in 24ms (Views: 19.4ms | ActiveRecord: 0.0ms | Allocations: 2450)


